<?xml version="1.0" encoding="UTF-8"?>
<testsuite xmlns:xsi="http://www.w3.org/2001/XMLSchema-instance" xsi:noNamespaceSchemaLocation="https://maven.apache.org/surefire/maven-surefire-plugin/xsd/surefire-test-report.xsd" name="com.novi.fassignment.controllers.UserControllerTest" time="1.681" tests="5" errors="0" skipped="0" failures="0">
  <properties>
[...]
</properties>
  <testcase name="whenValidSignupInput_thenReturns201" classname="com.novi.fassignment.controllers.UserControllerTest" time="0.023"/>
  <testcase name="whenValidInput_thenMapsToBusinessModel" classname="com.novi.fassignment.controllers.UserControllerTest" time="0.023"/>
  <testcase name="whenValidInput_thenReturnsUserResource" classname="com.novi.fassignment.controllers.UserControllerTest" time="0.013"/>
  <testcase name="whenNullValue_thenReturns400" classname="com.novi.fassignment.controllers.UserControllerTest" time="0.026"/>
  <testcase name="whenValidInput_thenReturnsUserResource_withTypedAssertion" classname="com.novi.fassignment.controllers.UserControllerTest" time="0.014"/>
</testsuite>